Arguments: 
  C:\Program Files\nodejs\node.exe C:\Users\simon\AppData\Roaming\npm\node_modules\yarn\bin\yarn.js add carbon-components carbon-components-react

PATH: 
  C:\Users\simon\bin;C:\Program Files\Git\mingw64\bin;C:\Program Files\Git\usr\local\bin;C:\Program Files\Git\usr\bin;C:\Program Files\Git\usr\bin;C:\Program Files\Git\mingw64\bin;C:\Program Files\Git\usr\bin;C:\Users\simon\bin;C:\WINDOWS\system32;C:\WINDOWS;C:\WINDOWS\System32\Wbem;C:\WINDOWS\System32\WindowsPowerShell\v1.0;C:\Program Files\MySQL\MySQL Workbench 8.0;C:\Users\simon\AppData\Local\Programs\Python\Python36-32;C:\Users\simon\AppData\Local\Programs\Python\Python36-32\Scripts;C:\Program Files (x86)\Windows Kits\8.1\Windows Performance Toolkit;C:\Program Files\cURL\bin;C:\cygwin64\bin;C:\Program Files (x86)\Windows Live\Shared;C:\Program Files\IDM Computer Solutions\UltraEdit;C:\WINDOWS\System32\OpenSSH;C:\Users\simon\AppData\Local\Programs\swigwin-4.0.0;C:\Users\simon\AppData\Local\Programs\xpdf-tools-win-4.01.01\bin64;C:\Program Files\Java\jre1.8.0_112\bin;C:\Program Files\Git\cmd;C:\Program Files\nodejs;C:\Program Files\TortoiseGit\bin;C:\Users\simon\AppData\Local\Microsoft\WindowsApps;C:\Users\simon\AppData\Roaming\npm;C:\Users\simon\AppData\Local\Programs\Microsoft VS Code\bin;C:\Program Files\Git\usr\bin\vendor_perl;C:\Program Files\Git\usr\bin\core_perl

Yarn version: 
  1.22.10

Node version: 
  14.16.0

Platform: 
  win32 x64

Trace: 
  Error: https://registry.yarnpkg.com/@carbon/icons-react/-/icons-react-10.38.0.tgz: ESOCKETTIMEDOUT
      at ClientRequest.<anonymous> (C:\Users\simon\AppData\Roaming\npm\node_modules\yarn\lib\cli.js:141289:19)
      at Object.onceWrapper (events.js:421:28)
      at ClientRequest.emit (events.js:315:20)
      at TLSSocket.emitRequestTimeout (_http_client.js:784:9)
      at Object.onceWrapper (events.js:421:28)
      at TLSSocket.emit (events.js:327:22)
      at TLSSocket.Socket._onTimeout (net.js:483:8)
      at listOnTimeout (internal/timers.js:554:17)
      at processTimers (internal/timers.js:497:7)

npm manifest: 
  No manifest

yarn manifest: 
  No manifest

Lockfile: 
  No lockfile
